<?xml version="1.0" encoding="UTF-8"?>
<!-- Generated by org.testng.reporters.JUnitReportReporter -->
<testsuite hostname="TYSS-Shobha" failures="0" tests="2" name="campaigns.CreateCampaignsTest" time="27.254" errors="0" timestamp="2024-12-09T10:37:01 IST" skipped="0">
  <testcase classname="campaigns.CreateCampaignsTest" name="createCampaignsTest" time="21.654"/>
  <testcase classname="campaigns.CreateCampaignsTest" name="m1" time="5.600"/>
</testsuite> <!-- campaigns.CreateCampaignsTest -->
